1590137243|/index.php?id=log|http://mysite.local/index.php
1590137245|/index.php?id=log|http://mysite.local/index.php
1590137245|/index.php?id=log|http://mysite.local/index.php
1590137245|/index.php?id=log|http://mysite.local/index.php
1590137246|/index.php?id=log|http://mysite.local/index.php
1590137246|/index.php?id=log|http://mysite.local/index.php
1590137246|/index.php?id=log|http://mysite.local/index.php
1590137247|/index.php?id=log|http://mysite.local/index.php
1590137247|/index.php?id=log|http://mysite.local/index.php
1590137247|/index.php?id=log|http://mysite.local/index.php
1590137248|/index.php?id=log|http://mysite.local/index.php
1590137249|/index.php?id=log|http://mysite.local/index.php
1590137249|/index.php?id=log|http://mysite.local/index.php
1590137327|/index.php?id=log|http://mysite.local/index.php
1590137329|/index.php?id=contact|http://mysite.local/index.php?id=log
1590137330|/index.php|http://mysite.local/index.php?id=contact
1590137330|/index.php?id=info|http://mysite.local/index.php
1590137331|/index.php?id=gbook|http://mysite.local/index.php?id=info
1590137331|/index.php?id=log|http://mysite.local/index.php?id=gbook
1590137696|/index.php?id=gbook|http://mysite.local/index.php?id=log
1590137697|/index.php?id=log|http://mysite.local/index.php?id=gbook
1590220713|/|
1590220731|/index.php?id=log|http://mysite.local/
1590220735|/index.php|http://mysite.local/test/index.php
1590220918|/index.php?id=gbook|http://mysite.local/index.php
1590220919|/index.php?id=gbook|http://mysite.local/index.php
1590220920|/index.php?id=gbook|http://mysite.local/index.php
1590221197|/index.php?id=gbook|http://mysite.local/index.php
1590221201|/index.php?id=about|http://mysite.local/index.php?id=gbook
1590221201|/index.php?id=gbook|http://mysite.local/index.php?id=about
1590221203|/index.php?id=gbook|http://mysite.local/index.php?id=about
1590221220|/index.php?id=gbook|http://mysite.local/index.php?id=about
1590221268|/index.php?id=gbook|http://mysite.local/index.php?id=gbook
1590221783|/index.php?id=gbook|http://mysite.local/index.php?id=gbook
1590222169|/index.php?id=gbook&del=3|http://mysite.local/index.php?id=gbook
1590222236|/index.php?id=gbook&del=3|http://mysite.local/index.php?id=gbook
1590222240|/index.php?id=gbook&del=3|http://mysite.local/index.php?id=gbook&del=3
1590222241|/index.php?id=gbook&del=3|http://mysite.local/index.php?id=gbook&del=3
1590222266|/index.php|http://mysite.local/index.php?id=gbook&del=3
1590222267|/index.php?id=gbook|http://mysite.local/index.php
1590222271|/index.php?id=gbook&del=3|http://mysite.local/index.php?id=gbook
1590222272|/index.php?id=gbook&del=2|http://mysite.local/index.php?id=gbook
1590222273|/index.php?id=gbook&del=2|http://mysite.local/index.php?id=gbook
1590222278|/index.php?id=gbook&del=3|http://mysite.local/index.php?id=gbook&del=2
1590222306|/index.php?id=gbook&del=3|http://mysite.local/index.php?id=gbook&del=3
1590222798|/index.php?id=gbook&del=3|http://mysite.local/index.php?id=gbook&del=3
1590222943|/index.php?id=gbook&del=3|http://mysite.local/index.php?id=gbook&del=3
1590222977|/index.php?id=gbook&del=3|http://mysite.local/index.php?id=gbook&del=3
1590222995|/index.php?id=gbook&del=2|http://mysite.local/index.php?id=gbook&del=3
1590223003|/index.php?id=gbook&del=2|http://mysite.local/index.php?id=gbook&del=2
1590223008|/index.php?id=gbook&del=2|http://mysite.local/index.php?id=gbook&del=2
1590223012|/index.php?id=gbook&del=2|http://mysite.local/index.php?id=gbook&del=2
1590223016|/index.php?id=gbook&del=2|http://mysite.local/index.php?id=gbook&del=2
1590223024|/index.php?id=gbook&del=7|http://mysite.local/index.php?id=gbook&del=2
1590223175|/index.php?id=gbook&del=7|http://mysite.local/index.php?id=gbook&del=2
1590223181|/index.php?id=gbook&del=6|http://mysite.local/index.php?id=gbook&del=7
1590223186|/index.php?id=gbook&del=6|http://mysite.local/index.php?id=gbook&del=7
1590223191|/index.php?id=gbook&del=5|http://mysite.local/index.php?id=gbook&del=6
1590223199|/index.php?id=gbook&del=5|http://mysite.local/index.php?id=gbook&del=5
1590223211|/index.php?id=gbook&del=5|http://mysite.local/index.php?id=gbook&del=5
1590223232|/index.php?id=gbook&del=8|http://mysite.local/index.php?id=gbook&del=5
1590223385|/index.php?id=gbook&del=1|http://mysite.local/index.php?id=gbook&del=8
1590223389|/index.php?id=gbook&del=1|http://mysite.local/index.php?id=gbook&del=8
1590223392|/index.php?id=gbook&del=1|http://mysite.local/index.php?id=gbook&del=8
1590223539|/index.php?id=gbook&del=1|http://mysite.local/index.php?id=gbook&del=8
1590223711|/index.php?id=gbook&del=1|http://mysite.local/index.php?id=gbook&del=1
1590223716|/index.php?id=gbook&del=1|http://mysite.local/index.php?id=gbook&del=1
1590223719|/index.php?id=gbook&del=1|http://mysite.local/index.php?id=gbook&del=1
1590223877|/index.php?id=gbook&del=|http://away.vk.com/
1590382347|/|
1590382485|/|
1590384173|/|
1590384178|/|
1590384181|/index.php|http://mysite.local/
1590392997|/|
